<?xml version="1.0" encoding="UTF-8"?>
<testng-results skipped="0" failed="0" ignored="0" total="1" passed="1">
  <reporter-output>
  </reporter-output>
  <suite name="Default suite" duration-ms="2154" started-at="2020-10-15T13:56:10Z" finished-at="2020-10-15T13:56:12Z">
    <groups>
    </groups>
    <test name="Default test" duration-ms="2154" started-at="2020-10-15T13:56:10Z" finished-at="2020-10-15T13:56:12Z">
      <class name="com.rest.api.XML.Get_AllUsers_XML">
        <test-method status="PASS" signature="getAllUser_Xml_Test()[pri:0, instance:com.rest.api.XML.Get_AllUsers_XML@ae45eb6]" name="getAllUser_Xml_Test" duration-ms="2130" started-at="2020-10-15T13:56:10Z" finished-at="2020-10-15T13:56:12Z">
          <reporter-output>
          </reporter-output>
        </test-method> <!-- getAllUser_Xml_Test -->
      </class> <!-- com.rest.api.XML.Get_AllUsers_XML -->
    </test> <!-- Default test -->
  </suite> <!-- Default suite -->
</testng-results>
